Line 48: Class MSDataGridLib.DataGrid of control ETABLE was not a loaded control class.
Line 114: Class MSAdodcLib.Adodc of control EmpDatabase was not a loaded control class.
Line 49: The property name Bindings in ETABLE is invalid.
Line 55: The property name _ExtentX in ETABLE is invalid.
Line 56: The property name _ExtentY in ETABLE is invalid.
Line 57: The property name _Version in ETABLE is invalid.
Line 58: The property name AllowUpdate in ETABLE is invalid.
Line 59: The property name HeadLines in ETABLE is invalid.
Line 60: The property name RowHeight in ETABLE is invalid.
Line 69: The property name HeadFont in ETABLE is invalid.
Line 79: The property name ColumnCount in ETABLE is invalid.
Line 92: The property name Column00 in ETABLE is invalid.
Line 105: The property name Column01 in ETABLE is invalid.
Line 106: The property name SplitCount in ETABLE is invalid.
Line 112: The property name Split0 in ETABLE is invalid.
Line 119: The property name _ExtentX in EmpDatabase is invalid.
Line 120: The property name _ExtentY in EmpDatabase is invalid.
Line 121: The property name ConnectMode in EmpDatabase is invalid.
Line 122: The property name CursorLocation in EmpDatabase is invalid.
Line 123: The property name IsolationLevel in EmpDatabase is invalid.
Line 124: The property name ConnectionTimeout in EmpDatabase is invalid.
Line 125: The property name CommandTimeout in EmpDatabase is invalid.
Line 126: The property name CursorType in EmpDatabase is invalid.
Line 127: The property name LockType in EmpDatabase is invalid.
Line 128: The property name CommandType in EmpDatabase is invalid.
Line 129: The property name CursorOptions in EmpDatabase is invalid.
Line 130: The property name CacheSize in EmpDatabase is invalid.
Line 131: The property name MaxRecords in EmpDatabase is invalid.
Line 132: The property name BOFAction in EmpDatabase is invalid.
Line 133: The property name EOFAction in EmpDatabase is invalid.
Line 134: The property name ConnectStringType in EmpDatabase is invalid.
Line 138: The property name Orientation in EmpDatabase is invalid.
Line 140: The property name Connect in EmpDatabase is invalid.
Line 141: The property name OLEDBString in EmpDatabase is invalid.
Line 142: The property name OLEDBFile in EmpDatabase is invalid.
Line 143: The property name DataSourceName in EmpDatabase is invalid.
Line 144: The property name OtherAttributes in EmpDatabase is invalid.
Line 145: The property name UserName in EmpDatabase is invalid.
Line 146: The property name Password in EmpDatabase is invalid.
Line 147: The property name RecordSource in EmpDatabase is invalid.
Line 148: The property name Caption in EmpDatabase is invalid.
Line 158: The property name _Version in EmpDatabase is invalid.
